{"level":"info","message":"Admin successfully edited vacation 26","timestamp":"2023-29-01 10:16:11"}
{"level":"info","message":"aragornstrider successfully logged in","timestamp":"2023-29-01 10:17:31"}
{"level":"info","message":"gandalfthegray successfully logged in","timestamp":"2023-29-01 10:25:48"}
{"level":"info","message":"userId 3 started following vacationId 28","timestamp":"2023-29-01 10:28:25"}
{"level":"info","message":"userId 3 stopt following vacationId 28","timestamp":"2023-29-01 10:28:27"}
{"level":"info","message":"userId 3 started following vacationId 31","timestamp":"2023-29-01 10:29:26"}
{"level":"info","message":"userId 3 stopt following vacationId 31","timestamp":"2023-29-01 10:29:27"}
{"level":"info","message":"userId 3 started following vacationId 28","timestamp":"2023-29-01 10:29:47"}
{"level":"info","message":"userId 3 stopt following vacationId 28","timestamp":"2023-29-01 10:29:48"}
{"level":"info","message":"userId 3 started following vacationId 32","timestamp":"2023-29-01 10:30:06"}
{"level":"info","message":"userId 3 stopt following vacationId 32","timestamp":"2023-29-01 10:30:10"}
{"level":"info","message":"aragornstrider successfully logged in","timestamp":"2023-29-01 10:33:10"}
{"level":"info","message":"Admin successfully edited vacation 30","timestamp":"2023-29-01 10:34:42"}
{"level":"info","message":"aragornstrider successfully logged in","timestamp":"2023-29-01 10:34:57"}
{"level":"info","message":"gandalfthegray successfully logged in","timestamp":"2023-29-01 10:35:37"}
{"level":"info","message":"userId 3 started following vacationId 18","timestamp":"2023-29-01 10:37:20"}
{"level":"info","message":"aragornstrider successfully logged in","timestamp":"2023-29-01 10:39:03"}
{"level":"info","message":"Admin successfully edited vacation 30","timestamp":"2023-29-01 10:42:37"}
{"level":"info","message":"gandalfthegray successfully logged in","timestamp":"2023-29-01 11:10:19"}
{"level":"info","message":"userId 3 stopt following vacationId 18","timestamp":"2023-29-01 11:10:22"}
{"level":"info","message":"aragornstrider successfully logged in","timestamp":"2023-29-01 11:10:28"}
{"level":"info","message":"aragornstrider successfully logged in","timestamp":"2023-29-01 12:11:41"}
{"level":"info","message":"Admin successfully edited vacation 29","timestamp":"2023-29-01 12:23:14"}
{"level":"info","message":"Admin successfully deleted vacation 44","timestamp":"2023-29-01 12:25:27"}
{"level":"info","message":"gandalfthegray successfully logged in","timestamp":"2023-29-01 12:28:00"}
{"level":"info","message":"userId 3 started following vacationId 18","timestamp":"2023-29-01 12:28:03"}
{"level":"info","message":"userId 3 started following vacationId 33","timestamp":"2023-29-01 12:28:05"}
{"level":"info","message":"userId 3 started following vacationId 21","timestamp":"2023-29-01 12:28:08"}
{"level":"info","message":"userId 3 started following vacationId 34","timestamp":"2023-29-01 12:28:09"}
{"level":"info","message":"userId 3 started following vacationId 29","timestamp":"2023-29-01 12:28:11"}
{"level":"info","message":"userId 3 started following vacationId 35","timestamp":"2023-29-01 12:28:15"}
{"level":"info","message":"userId 3 started following vacationId 26","timestamp":"2023-29-01 12:28:18"}
{"level":"info","message":"userId 3 started following vacationId 36","timestamp":"2023-29-01 12:28:20"}
{"level":"info","message":"userId 3 started following vacationId 39","timestamp":"2023-29-01 12:28:25"}
{"level":"info","message":"userId 3 started following vacationId 42","timestamp":"2023-29-01 12:28:29"}
{"level":"info","message":"Jeannie The Labrador successfully registered to userId 4","timestamp":"2023-29-01 12:29:24"}
{"level":"info","message":"userId 4 started following vacationId 18","timestamp":"2023-29-01 12:29:30"}
{"level":"info","message":"userId 4 started following vacationId 34","timestamp":"2023-29-01 12:29:32"}
{"level":"info","message":"userId 4 started following vacationId 29","timestamp":"2023-29-01 12:29:36"}
{"level":"info","message":"userId 4 started following vacationId 42","timestamp":"2023-29-01 12:29:46"}
{"level":"info","message":"userId 4 started following vacationId 21","timestamp":"2023-29-01 12:29:54"}
{"level":"info","message":"userId 4 started following vacationId 36","timestamp":"2023-29-01 12:29:58"}
{"level":"info","message":"Wain Rooney successfully registered to userId 5","timestamp":"2023-29-01 12:30:27"}
{"level":"info","message":"userId 5 started following vacationId 18","timestamp":"2023-29-01 12:30:30"}
{"level":"info","message":"userId 5 started following vacationId 33","timestamp":"2023-29-01 12:30:32"}
{"level":"info","message":"userId 5 started following vacationId 34","timestamp":"2023-29-01 12:30:37"}
{"level":"info","message":"userId 5 started following vacationId 36","timestamp":"2023-29-01 12:30:43"}
{"level":"info","message":"Sam Wise  Gamgee successfully registered to userId 6","timestamp":"2023-29-01 12:31:00"}
{"level":"info","message":"userId 6 started following vacationId 18","timestamp":"2023-29-01 12:31:03"}
{"level":"info","message":"userId 6 started following vacationId 34","timestamp":"2023-29-01 12:31:08"}
{"level":"info","message":"userId 6 started following vacationId 39","timestamp":"2023-29-01 12:31:14"}
{"level":"info","message":"userId 6 started following vacationId 26","timestamp":"2023-29-01 12:31:16"}
{"level":"info","message":"Saruman  The White successfully registered to userId 7","timestamp":"2023-29-01 12:31:44"}
{"level":"info","message":"userId 7 started following vacationId 18","timestamp":"2023-29-01 12:31:50"}
{"level":"info","message":"userId 7 started following vacationId 35","timestamp":"2023-29-01 12:31:53"}
{"level":"info","message":"userId 7 started following vacationId 21","timestamp":"2023-29-01 12:32:05"}
{"level":"info","message":"Frodo Baggins successfully registered to userId 8","timestamp":"2023-29-01 12:32:25"}
{"level":"info","message":"userId 8 started following vacationId 18","timestamp":"2023-29-01 12:32:29"}
{"level":"info","message":"userId 8 started following vacationId 34","timestamp":"2023-29-01 12:32:33"}
{"level":"info","message":"userId 8 started following vacationId 33","timestamp":"2023-29-01 12:32:41"}
{"level":"info","message":"userId 8 stopt following vacationId 33","timestamp":"2023-29-01 12:32:44"}
{"level":"info","message":"userId 8 started following vacationId 29","timestamp":"2023-29-01 12:32:46"}
{"level":"info","message":"userId 8 started following vacationId 24","timestamp":"2023-29-01 12:33:11"}
{"level":"info","message":"aragornstrider successfully logged in","timestamp":"2023-29-01 12:33:35"}
{"level":"info","message":"Admin successfully edited vacation 24","timestamp":"2023-29-01 12:33:55"}
{"level":"info","message":"Admin successfully edited vacation 23","timestamp":"2023-29-01 12:34:29"}
{"level":"info","message":"Admin successfully edited vacation 24","timestamp":"2023-29-01 12:34:47"}
{"level":"info","message":"jeannie successfully logged in","timestamp":"2023-29-01 12:36:44"}
{"level":"info","message":"userId 4 stopt following vacationId 29","timestamp":"2023-29-01 12:36:53"}
{"level":"info","message":"userId 4 started following vacationId 29","timestamp":"2023-29-01 12:36:54"}
{"level":"info","message":"frodobaggins successfully logged in","timestamp":"2023-29-01 12:37:13"}
{"level":"info","message":"userId 8 started following vacationId 36","timestamp":"2023-29-01 12:37:26"}
{"level":"info","message":"aragornstrider successfully logged in","timestamp":"2023-29-01 12:37:34"}
{"level":"info","message":"gandalfthegray successfully logged in","timestamp":"2023-29-01 22:34:15"}
{"level":"info","message":"davidbeckham successfully logged in","timestamp":"2023-29-01 22:34:31"}
{"level":"info","message":"gandalfthegray successfully logged in","timestamp":"2023-29-01 22:37:02"}
{"level":"info","message":"gandalfthegray successfully logged in","timestamp":"2023-29-01 22:46:40"}
{"level":"info","message":"userId 3 stopt following vacationId 18","timestamp":"2023-29-01 22:46:45"}
{"level":"info","message":"userId 3 started following vacationId 18","timestamp":"2023-29-01 22:46:46"}
{"level":"info","message":"davidbeckham successfully logged in","timestamp":"2023-29-01 22:46:55"}
{"level":"info","message":"userId 9 started following vacationId 18","timestamp":"2023-29-01 22:47:02"}
{"level":"info","message":"aragornstrider successfully logged in","timestamp":"2023-29-01 22:48:21"}
{"level":"info","message":"gandalfthegray successfully logged in","timestamp":"2023-31-01 21:35:45"}
{"level":"info","message":"userId 3 stopt following vacationId 19","timestamp":"2023-31-01 21:35:48"}
{"level":"info","message":"userId 3 started following vacationId 19","timestamp":"2023-31-01 21:35:48"}
{"level":"info","message":"aragornstrider successfully logged in","timestamp":"2023-31-01 21:36:05"}
{"level":"info","message":"Admin successfully edited vacation 22","timestamp":"2023-31-01 21:39:03"}
{"level":"info","message":"gandalfthegray successfully logged in","timestamp":"2023-25-04 14:48:18"}
{"level":"info","message":"userId 3 stopt following vacationId 19","timestamp":"2023-25-04 14:48:20"}
{"level":"info","message":"userId 3 started following vacationId 19","timestamp":"2023-25-04 14:48:21"}
{"level":"info","message":"userId 3 started following vacationId 20","timestamp":"2023-25-04 14:48:23"}
{"level":"info","message":"userId 3 stopt following vacationId 20","timestamp":"2023-25-04 14:48:23"}
{"level":"info","message":"userId 3 stopt following vacationId 33","timestamp":"2023-25-04 14:48:24"}
{"level":"info","message":"userId 3 started following vacationId 33","timestamp":"2023-25-04 14:48:25"}
{"level":"info","message":"userId 3 stopt following vacationId 29","timestamp":"2023-25-04 14:48:31"}
{"level":"info","message":"userId 3 stopt following vacationId 35","timestamp":"2023-25-04 14:48:32"}
{"level":"info","message":"userId 3 stopt following vacationId 36","timestamp":"2023-25-04 14:48:33"}
{"level":"info","message":"aragornstrider successfully logged in","timestamp":"2023-25-04 14:48:47"}
{"level":"info","message":"Admin successfully edited vacation 19","timestamp":"2023-25-04 14:48:55"}
